2023-01-23 08:25:34|   0.0|  0.0|INFORM|Current FME version: FME 2022.1.3.0 (20220928 - Build 22630 - WIN64)
2023-01-23 08:25:34|   0.0|  0.0|INFORM|FME_HOME is 'C:\app\FMEDesktop-22630-win-x64\'
2023-01-23 08:25:34|   0.0|  0.0|INFORM|FME Home Edition (node locked-crc)
2023-01-23 08:25:34|   0.0|  0.0|INFORM|Serial Number: 95KTTUJV9Q4KQUWWCDPV
2023-01-23 08:25:34|   0.0|  0.0|INFORM|Temporary License: 108 days left.
2023-01-23 08:25:34|   0.0|  0.0|INFORM|Machine host name is: ENACIT-B121422
2023-01-23 08:25:34|   0.0|  0.0|INFORM|OS Locale Name     : en_CH
2023-01-23 08:25:34|   0.0|  0.0|INFORM|OS Locale Encoding : windows-1252
2023-01-23 08:25:34|   0.0|  0.0|INFORM|Process Encoding   : UTF-8
2023-01-23 08:25:34|   0.0|  0.0|INFORM|FME API version: '4.0 20220615'
2023-01-23 08:25:34|   0.0|  0.0|INFORM|FME Configuration: FME_BASE is 'no'
2023-01-23 08:25:34|   0.0|  0.0|INFORM|FME Configuration: FME_MF_DIR is 'C:\projects\EIRA-data\Data_processing/'
2023-01-23 08:25:34|   0.0|  0.0|INFORM|FME Configuration: FME_MF_NAME is 'data_processing.fmw'
2023-01-23 08:25:34|   0.0|  0.0|INFORM|FME Configuration: FME_PRODUCT_NAME is 'FME(R) 2022.1.3.0'
2023-01-23 08:25:34|   0.0|  0.0|INFORM|Operating System: Microsoft Windows 10 64-bit  (Build 19045)
2023-01-23 08:25:34|   0.0|  0.0|INFORM|FME Platform: WIN64
2023-01-23 08:25:34|   0.0|  0.0|INFORM|System Status: 27.98 GB of disk space available in the FME temporary folder (C:\Users\longcham\AppData\Local\Temp\wbrun_1674458488729_4480\fmetmp_4)
2023-01-23 08:25:34|   0.0|  0.0|INFORM|System Status: 31.73 GB of physical memory available
2023-01-23 08:25:34|   0.0|  0.0|INFORM|System Status: 126.90 GB of virtual memory available
2023-01-23 08:25:34|   0.0|  0.0|INFORM|START - ProcessID: 10528, peak process memory usage: 68628 kB, current process memory usage: 68628 kB
2023-01-23 08:25:34|   0.0|  0.0|INFORM|FME Configuration: Command line arguments are `C:\app\FMEDesktop-22630-win-x64\fme.exe' `C:/projects/EIRA-data/Data_processing\wb-xlate-1674458733316_4480' `LOG_STANDARDOUT' `YES' `LOG_TIMINGS' `YES' `LogCountServerName' `51140' `LOG_STANDARDOUT' `No' `WORKBENCH_LOG_SERVER' `51124'
2023-01-23 08:25:34|   0.0|  0.0|INFORM|FME Configuration: Connection Storage: 'C:\Users\longcham\AppData\Roaming\Safe Software\FME\'
2023-01-23 08:25:34|   0.0|  0.0|INFORM|Shared folders for formats are : C:\app\FMEDesktop-22630-win-x64\datasources;C:\Users\longcham\AppData\Roaming\Safe Software\FME\FME Store\Formats;C:\Users\longcham\Documents\FME\Formats
2023-01-23 08:25:34|   0.0|  0.0|INFORM|Shared folders for transformers are : C:\Users\longcham\AppData\Roaming\Safe Software\FME\Packages\22630-win64\transformers;C:\app\FMEDesktop-22630-win-x64\transformers;C:\Users\longcham\AppData\Roaming\Safe Software\FME\FME Store\Transformers
2023-01-23 08:25:34|   0.0|  0.0|INFORM|Shared folders for coordinate systems are : C:\Users\longcham\Documents\FME\CoordinateSystems
2023-01-23 08:25:34|   0.0|  0.0|INFORM|Shared folders for coordinate system exceptions are : C:\Users\longcham\Documents\FME\CoordinateSystemExceptions
2023-01-23 08:25:34|   0.0|  0.0|INFORM|Shared folders for coordinate system grid overrides are : C:\Users\longcham\Documents\FME\CoordinateSystemGridOverrides
2023-01-23 08:25:34|   0.0|  0.0|INFORM|Shared folders for CS-MAP transformation exceptions are : C:\Users\longcham\Documents\FME\CsmapTransformationExceptions
2023-01-23 08:25:34|   0.0|  0.0|INFORM|Shared folders for transformer categories are : C:\Users\longcham\Documents\FME\TransformerCategories
2023-01-23 08:25:34|   0.0|  0.0|INFORM|FME Configuration: Reader Keyword is `MULTI_READER'
2023-01-23 08:25:34|   0.0|  0.0|INFORM|FME Configuration: Writer Keyword is `NULL_DEST'
2023-01-23 08:25:34|   0.0|  0.0|INFORM|FME Configuration: Writer Group Definition Keyword is `NULL_DEST_DEF'
2023-01-23 08:25:34|   0.0|  0.0|INFORM|FME Configuration: Reader type is `MULTI_READER'
2023-01-23 08:25:34|   0.0|  0.0|INFORM|FME Configuration: Writer type is `NULL'
2023-01-23 08:25:34|   0.0|  0.0|INFORM|FME Configuration: No destination coordinate system set
2023-01-23 08:25:34|   0.0|  0.0|INFORM|FME Configuration: Current working folder is `C:\projects\EIRA-data\Data_processing'
2023-01-23 08:25:34|   0.0|  0.0|INFORM|FME Configuration: Temporary folder is `C:\Users\longcham\AppData\Local\Temp\wbrun_1674458488729_4480\fmetmp_4', set from environment variable `FME_TEMP'
2023-01-23 08:25:34|   0.0|  0.0|INFORM|FME Configuration: Cache folder is 'C:\Users\longcham\AppData\Local\Temp'
2023-01-23 08:25:34|   0.0|  0.0|INFORM|FME Configuration: FME_HOME is `C:\app\FMEDesktop-22630-win-x64\'
2023-01-23 08:25:34|   0.0|  0.0|INFORM|FME Configuration: Start freeing memory when the process exceeds 95.18 GB
2023-01-23 08:25:34|   0.0|  0.0|INFORM|FME Configuration: Stop freeing memory when the process is below 71.38 GB
2023-01-23 08:25:34|   0.0|  0.0|INFORM|Creating writer for format: NULL (Nothing)
2023-01-23 08:25:34|   0.0|  0.0|INFORM|Trying to find a DYNAMIC plugin for writer named `NULL'
2023-01-23 08:25:34|   0.0|  0.0|INFORM|Loaded module 'NULL' from file 'C:\app\FMEDesktop-22630-win-x64\plugins/NULL.dll'
2023-01-23 08:25:34|   0.0|  0.0|INFORM|FME API version of module 'NULL' matches current internal version (4.0 20220615)
2023-01-23 08:25:34|   0.0|  0.0|INFORM|Creating reader for format: 
2023-01-23 08:25:34|   0.0|  0.0|INFORM|MULTI_READER(MULTI_READER): Will fail with first member reader failure
2023-01-23 08:25:34|   0.0|  0.0|INFORM|Using Multi Reader with keyword `MULTI_READER' to read multiple datasets
2023-01-23 08:25:34|   0.0|  0.0|INFORM|Loaded module 'LogCount_func' from file 'C:\app\FMEDesktop-22630-win-x64\plugins/LogCount_func.dll'
2023-01-23 08:25:34|   0.0|  0.0|INFORM|FME API version of module 'LogCount_func' matches current internal version (4.0 20220615)
2023-01-23 08:25:34|   0.0|  0.0|INFORM|Emptying factory pipeline
2023-01-23 08:25:34|   0.0|  0.0|STATS |Restoring 12 feature(s) from FME feature store file `C:\Users\longcham\AppData\Local\Temp\wb-cache-data_processing-StahEC\Main_GeometryRemover -1 247 fo 0 OUTPUT  0  7503ae38ce582466ea8f2854e94ad72fa112677d.ffs'
2023-01-23 08:25:34|   0.0|  0.0|STATS |Aggregator_9 (AggregateFactory): Combined 12 input feature(s) into 1 output feature(s), including 0 singleton(s)
2023-01-23 08:25:34|   0.0|  0.0|STATS |Destination Feature Type Routing Correlator (RoutingFactory): Tested 0 input feature(s), wrote 0 output feature(s): 0 matched merge filters, 0 were routed to output, 0 could not be routed.
2023-01-23 08:25:34|   0.0|  0.0|STATS |Final Output Nuker (TeeFactory): Cloned 0 input feature(s) into 0 output feature(s)
2023-01-23 08:25:34|   0.0|  0.0|STATS |=-=-=-=-=-=-=-=-=-=-=-=-=-=-=-=-=-=-=-=-=-=-=-=-=-=-=-=-=-=-=-=-=-=-=-=-=-=-=-
2023-01-23 08:25:34|   0.0|  0.0|STATS |                            Features Read Summary
2023-01-23 08:25:34|   0.0|  0.0|STATS |=-=-=-=-=-=-=-=-=-=-=-=-=-=-=-=-=-=-=-=-=-=-=-=-=-=-=-=-=-=-=-=-=-=-=-=-=-=-=-
2023-01-23 08:25:34|   0.0|  0.0|STATS |==============================================================================
2023-01-23 08:25:34|   0.0|  0.0|STATS |Total Features Read                                                          0
2023-01-23 08:25:34|   0.0|  0.0|STATS |=-=-=-=-=-=-=-=-=-=-=-=-=-=-=-=-=-=-=-=-=-=-=-=-=-=-=-=-=-=-=-=-=-=-=-=-=-=-=-
2023-01-23 08:25:34|   0.0|  0.0|STATS |=-=-=-=-=-=-=-=-=-=-=-=-=-=-=-=-=-=-=-=-=-=-=-=-=-=-=-=-=-=-=-=-=-=-=-=-=-=-=-
2023-01-23 08:25:34|   0.0|  0.0|STATS |                           Features Written Summary
2023-01-23 08:25:34|   0.0|  0.0|STATS |=-=-=-=-=-=-=-=-=-=-=-=-=-=-=-=-=-=-=-=-=-=-=-=-=-=-=-=-=-=-=-=-=-=-=-=-=-=-=-
2023-01-23 08:25:34|   0.0|  0.0|STATS |==============================================================================
2023-01-23 08:25:34|   0.0|  0.0|STATS |Total Features Written                                                       0
2023-01-23 08:25:34|   0.0|  0.0|STATS |=-=-=-=-=-=-=-=-=-=-=-=-=-=-=-=-=-=-=-=-=-=-=-=-=-=-=-=-=-=-=-=-=-=-=-=-=-=-=-
2023-01-23 08:25:34|   0.0|  0.0|WARN  |-~-~-~-~-~-~-~-~-~-~-~-~-~-~-~-~-~-~-~-~-~-~-~-~-~-~-~-~-~-~-~-~-~-~-~-~-~-~-~-~-
2023-01-23 08:25:34|   0.0|  0.0|WARN  |-~                                                                             ~-
2023-01-23 08:25:34|   0.0|  0.0|WARN  |-~    Feature caches have been recorded at every stage of the translation.     ~-
2023-01-23 08:25:34|   0.0|  0.0|WARN  |-~                      To inspect the recorded features,                      ~-
2023-01-23 08:25:34|   0.0|  0.0|WARN  |-~              click the feature cache icons next to the ports.               ~-
2023-01-23 08:25:34|   0.0|  0.0|WARN  |-~                                                                             ~-
2023-01-23 08:25:34|   0.0|  0.0|WARN  |-~-~-~-~-~-~-~-~-~-~-~-~-~-~-~-~-~-~-~-~-~-~-~-~-~-~-~-~-~-~-~-~-~-~-~-~-~-~-~-~-
2023-01-23 08:25:34|   0.0|  0.0|INFORM|Translation was SUCCESSFUL with 7 warning(s) (0 feature(s) output)
2023-01-23 08:25:34|   0.0|  0.0|INFORM|FME Session Duration: 0.2 seconds. (CPU: 0.0s user, 0.0s system)
2023-01-23 08:25:34|   0.0|  0.0|INFORM|END - ProcessID: 10528, peak process memory usage: 75332 kB, current process memory usage: 75276 kB
