2022-12-13 15:03:32|   0.0|  0.0|INFORM|Current FME version: FME 2022.1.3.0 (20220928 - Build 22630 - WIN64)
2022-12-13 15:03:32|   0.0|  0.0|INFORM|FME_HOME is 'C:\app\FMEDesktop-22630-win-x64\'
2022-12-13 15:03:32|   0.0|  0.0|INFORM|FME Home Edition (node locked-crc)
2022-12-13 15:03:32|   0.0|  0.0|INFORM|Serial Number: 95KTTUJV9Q4KQUWWCDPV
2022-12-13 15:03:32|   0.0|  0.0|INFORM|Temporary License: 149 days left.
2022-12-13 15:03:32|   0.0|  0.0|INFORM|Machine host name is: ENACIT-B121422
2022-12-13 15:03:32|   0.0|  0.0|INFORM|OS Locale Name     : en_CH
2022-12-13 15:03:32|   0.0|  0.0|INFORM|OS Locale Encoding : windows-1252
2022-12-13 15:03:32|   0.0|  0.0|INFORM|Process Encoding   : UTF-8
2022-12-13 15:03:32|   0.0|  0.0|INFORM|FME API version: '4.0 20220615'
2022-12-13 15:03:32|   0.0|  0.0|INFORM|FME Configuration: FME_BASE is 'no'
2022-12-13 15:03:32|   0.0|  0.0|INFORM|FME Configuration: FME_MF_DIR is 'C:\projects\EIRA-data\Data\webmap\processing/'
2022-12-13 15:03:32|   0.0|  0.0|INFORM|FME Configuration: FME_MF_NAME is 'schema.fmw'
2022-12-13 15:03:32|   0.0|  0.0|INFORM|FME Configuration: FME_PRODUCT_NAME is 'FME(R) 2022.1.3.0'
2022-12-13 15:03:32|   0.0|  0.0|INFORM|Operating System: Microsoft Windows 10 64-bit  (Build 19044)
2022-12-13 15:03:32|   0.0|  0.0|INFORM|FME Platform: WIN64
2022-12-13 15:03:32|   0.0|  0.0|INFORM|System Status: 4.19 GB of disk space available in the FME temporary folder (C:\Users\longcham\AppData\Local\Temp\wbrun_1670937830240_28084\fmetmp_18)
2022-12-13 15:03:32|   0.0|  0.0|INFORM|System Status: 31.73 GB of physical memory available
2022-12-13 15:03:32|   0.0|  0.0|INFORM|System Status: 126.90 GB of virtual memory available
2022-12-13 15:03:32|   0.0|  0.0|INFORM|START - ProcessID: 11024, peak process memory usage: 68504 kB, current process memory usage: 68504 kB
2022-12-13 15:03:32|   0.0|  0.0|INFORM|FME Configuration: Command line arguments are `C:\app\FMEDesktop-22630-win-x64\fme.exe' `C:/projects/EIRA-data/Data/webmap/processing\wb-xlate-1670940210942_28084' `LOG_STANDARDOUT' `YES' `LOG_TIMINGS' `YES' `LogCountServerName' `52080' `LOG_STANDARDOUT' `No' `WORKBENCH_LOG_SERVER' `52072'
2022-12-13 15:03:32|   0.0|  0.0|INFORM|FME Configuration: Connection Storage: 'C:\Users\longcham\AppData\Roaming\Safe Software\FME\'
2022-12-13 15:03:32|   0.0|  0.0|INFORM|Shared folders for formats are : C:\app\FMEDesktop-22630-win-x64\datasources;C:\Users\longcham\Documents\FME\Formats
2022-12-13 15:03:32|   0.0|  0.0|INFORM|Shared folders for transformers are : C:\Users\longcham\AppData\Roaming\Safe Software\FME\Packages\22630-win64\transformers;C:\app\FMEDesktop-22630-win-x64\transformers;C:\Users\longcham\AppData\Roaming\Safe Software\FME\FME Store\Transformers
2022-12-13 15:03:32|   0.0|  0.0|INFORM|Shared folders for coordinate systems are : C:\Users\longcham\Documents\FME\CoordinateSystems
2022-12-13 15:03:32|   0.0|  0.0|INFORM|Shared folders for coordinate system exceptions are : C:\Users\longcham\Documents\FME\CoordinateSystemExceptions
2022-12-13 15:03:32|   0.0|  0.0|INFORM|Shared folders for coordinate system grid overrides are : C:\Users\longcham\Documents\FME\CoordinateSystemGridOverrides
2022-12-13 15:03:32|   0.0|  0.0|INFORM|Shared folders for CS-MAP transformation exceptions are : C:\Users\longcham\Documents\FME\CsmapTransformationExceptions
2022-12-13 15:03:32|   0.0|  0.0|INFORM|Shared folders for transformer categories are : C:\Users\longcham\Documents\FME\TransformerCategories
2022-12-13 15:03:32|   0.0|  0.0|INFORM|FME Configuration: Reader Keyword is `MULTI_READER'
2022-12-13 15:03:32|   0.0|  0.0|INFORM|FME Configuration: Writer Keyword is `NULL_DEST'
2022-12-13 15:03:32|   0.0|  0.0|INFORM|FME Configuration: Writer Group Definition Keyword is `NULL_DEST_DEF'
2022-12-13 15:03:32|   0.0|  0.0|INFORM|FME Configuration: Reader type is `MULTI_READER'
2022-12-13 15:03:32|   0.0|  0.0|INFORM|FME Configuration: Writer type is `NULL'
2022-12-13 15:03:32|   0.0|  0.0|INFORM|FME Configuration: No destination coordinate system set
2022-12-13 15:03:32|   0.0|  0.0|INFORM|FME Configuration: Current working folder is `C:\projects\EIRA-data\Data\webmap\processing'
2022-12-13 15:03:32|   0.0|  0.0|INFORM|FME Configuration: Temporary folder is `C:\Users\longcham\AppData\Local\Temp\wbrun_1670937830240_28084\fmetmp_18', set from environment variable `FME_TEMP'
2022-12-13 15:03:32|   0.0|  0.0|INFORM|FME Configuration: Cache folder is 'C:\Users\longcham\AppData\Local\Temp'
2022-12-13 15:03:32|   0.0|  0.0|INFORM|FME Configuration: FME_HOME is `C:\app\FMEDesktop-22630-win-x64\'
2022-12-13 15:03:32|   0.0|  0.0|INFORM|FME Configuration: Start freeing memory when the process exceeds 95.18 GB
2022-12-13 15:03:32|   0.0|  0.0|INFORM|FME Configuration: Stop freeing memory when the process is below 71.38 GB
2022-12-13 15:03:32|   0.0|  0.0|INFORM|Creating writer for format: NULL (Nothing)
2022-12-13 15:03:32|   0.0|  0.0|INFORM|Trying to find a DYNAMIC plugin for writer named `NULL'
2022-12-13 15:03:32|   0.0|  0.0|INFORM|Loaded module 'NULL' from file 'C:\app\FMEDesktop-22630-win-x64\plugins/NULL.dll'
2022-12-13 15:03:32|   0.0|  0.0|INFORM|FME API version of module 'NULL' matches current internal version (4.0 20220615)
2022-12-13 15:03:32|   0.0|  0.0|INFORM|Creating reader for format: 
2022-12-13 15:03:32|   0.0|  0.0|INFORM|MULTI_READER(MULTI_READER): Will fail with first member reader failure
2022-12-13 15:03:32|   0.0|  0.0|INFORM|Using Multi Reader with keyword `MULTI_READER' to read multiple datasets
2022-12-13 15:03:32|   0.0|  0.0|INFORM|Loaded module 'LogCount_func' from file 'C:\app\FMEDesktop-22630-win-x64\plugins/LogCount_func.dll'
2022-12-13 15:03:32|   0.0|  0.0|INFORM|FME API version of module 'LogCount_func' matches current internal version (4.0 20220615)
2022-12-13 15:03:32|   0.0|  0.0|INFORM|Loaded module 'QueryFactory' from file 'C:\app\FMEDesktop-22630-win-x64\plugins/QueryFactory.dll'
2022-12-13 15:03:32|   0.0|  0.0|INFORM|FME API version of module 'QueryFactory' matches current internal version (4.0 20220615)
2022-12-13 15:03:32|   0.0|  0.0|INFORM|Loaded module 'StringReplacerFactory' from file 'C:\app\FMEDesktop-22630-win-x64\plugins/StringReplacerFactory.dll'
2022-12-13 15:03:32|   0.0|  0.0|INFORM|FME API version of module 'StringReplacerFactory' matches current internal version (4.0 20220615)
2022-12-13 15:03:32|   0.0|  0.0|INFORM|Emptying factory pipeline
2022-12-13 15:03:32|   0.0|  0.0|STATS |Restoring 26 feature(s) from FME feature store file `C:\Users\longcham\AppData\Local\Temp\wb-cache-schema-vuPPZr\Main_AttributeCreator -1 11 fo 0 OUTPUT  0  815701c273e7da7ca2330bc98fb1bb8054467949.ffs'
2022-12-13 15:03:32|   0.2|  0.2|INFORM|Creating writer for format: 
2022-12-13 15:03:32|   0.2|  0.0|INFORM|Using MultiWriter with keyword `FeatureWriter' to output data (ID_ATTRIBUTE is `multi_writer_id')
2022-12-13 15:03:32|   0.2|  0.0|INFORM|Creating writer for format: JSON (JavaScript Object Notation)
2022-12-13 15:03:32|   0.2|  0.0|INFORM|Trying to find a DYNAMIC plugin for writer named `JSON'
2022-12-13 15:03:32|   0.2|  0.0|INFORM|Loaded module 'JSON' from file 'C:\app\FMEDesktop-22630-win-x64\plugins/JSON.dll'
2022-12-13 15:03:32|   0.2|  0.0|INFORM|FME API version of module 'JSON' matches current internal version (4.0 20220615)
2022-12-13 15:03:32|   0.2|  0.0|INFORM|FME Configuration: No destination coordinate system set
2022-12-13 15:03:32|   0.2|  0.0|INFORM|Writer `FeatureWriter_0' of type `JSON' using group definition keyword `FeatureWriter_0_DEF'
2022-12-13 15:03:32|   0.3|  0.1|INFORM|Opening the JSON writer with destination dataset 'C:\projects\EIRA-data\Data\webmap\out\layers.json'
2022-12-13 15:03:32|   0.3|  0.0|INFORM|FME Configuration: Destination coordinate system set to input coordinate system `SPHERICAL_MERCATOR'
2022-12-13 15:03:32|   0.3|  0.0|STATS |AttributeValueMapper (TeeFactory): Cloned 26 input feature(s) into 26 output feature(s)
2022-12-13 15:03:32|   0.3|  0.0|STATS |TestFilter_INPUT (TeeFactory): Cloned 26 input feature(s) into 26 output feature(s)
2022-12-13 15:03:32|   0.3|  0.0|STATS |TestFilter (TestFactory): Tested 26 input feature(s) -- 24 feature(s) passed and 2 feature(s) failed
2022-12-13 15:03:32|   0.3|  0.0|STATS |Junction (TeeFactory): Cloned 26 input feature(s) into 26 output feature(s)
2022-12-13 15:03:32|   0.3|  0.0|STATS |AttributeManager_2 OUTPUT Splitter (TeeFactory): Cloned 26 input feature(s) into 52 output feature(s)
2022-12-13 15:03:32|   0.3|  0.0|INFORM|Closing the JSON writer
2022-12-13 15:03:32|   0.3|  0.0|INFORM|=-=-=-=-=-=-=-=-=-=-=-=-=-=-=-=-=-=-=-=-=-=-=-=-=-=-=-=-=-=-=-=-=-=-=-=-=-=-=-
2022-12-13 15:03:32|   0.3|  0.0|INFORM|Feature output statistics for `JSON' writer using keyword `FeatureWriter_0':
2022-12-13 15:03:32|   0.3|  0.0|STATS |=-=-=-=-=-=-=-=-=-=-=-=-=-=-=-=-=-=-=-=-=-=-=-=-=-=-=-=-=-=-=-=-=-=-=-=-=-=-=-
2022-12-13 15:03:32|   0.3|  0.0|STATS |                               Features Written
2022-12-13 15:03:32|   0.3|  0.0|STATS |=-=-=-=-=-=-=-=-=-=-=-=-=-=-=-=-=-=-=-=-=-=-=-=-=-=-=-=-=-=-=-=-=-=-=-=-=-=-=-
2022-12-13 15:03:32|   0.3|  0.0|STATS |Output                                                                      26
2022-12-13 15:03:32|   0.3|  0.0|STATS |==============================================================================
2022-12-13 15:03:32|   0.3|  0.0|STATS |Total Features Written                                                      26
2022-12-13 15:03:32|   0.3|  0.0|STATS |=-=-=-=-=-=-=-=-=-=-=-=-=-=-=-=-=-=-=-=-=-=-=-=-=-=-=-=-=-=-=-=-=-=-=-=-=-=-=-
2022-12-13 15:03:32|   0.3|  0.0|INFORM|Creating reader for format: Text File
2022-12-13 15:03:32|   0.3|  0.0|INFORM|Trying to find a DYNAMIC plugin for reader named `TEXTLINE'
2022-12-13 15:03:32|   0.3|  0.0|INFORM|Loaded module 'TEXTLINE' from file 'C:\app\FMEDesktop-22630-win-x64\plugins/TEXTLINE.dll'
2022-12-13 15:03:32|   0.3|  0.0|INFORM|FME API version of module 'TEXTLINE' matches current internal version (4.0 20220615)
2022-12-13 15:03:32|   0.3|  0.0|INFORM|Performing query against TEXTLINE dataset `C:\projects\EIRA-data\Data\webmap\out\layers.json'
2022-12-13 15:03:32|   0.4|  0.1|INFORM|Creating reader for format: Text File
2022-12-13 15:03:32|   0.4|  0.0|INFORM|Trying to find a DYNAMIC plugin for reader named `TEXTLINE'
2022-12-13 15:03:32|   0.4|  0.0|INFORM|Text File Reader: Opening the file 'C:\projects\EIRA-data\Data\webmap\out\layers.json'
2022-12-13 15:03:32|   0.4|  0.0|INFORM|TEXTLINE reader: Creating bulk features from individual features
2022-12-13 15:03:32|   0.4|  0.0|INFORM|Creating reader for format: Text File
2022-12-13 15:03:32|   0.4|  0.0|INFORM|Trying to find a DYNAMIC plugin for reader named `TEXTLINE'
2022-12-13 15:03:32|   0.4|  0.0|INFORM|Merged 1 schema features read from 1 datasets into 1 resulting feature types
2022-12-13 15:03:32|   0.4|  0.0|INFORM|FeatureReader_2_<OTHER> Feature Recorder -1 2147680287 (RecorderFactory): Splitting bulk features into individual features
2022-12-13 15:03:33|   0.5|  0.1|INFORM|Creating writer for format: 
2022-12-13 15:03:33|   0.5|  0.0|INFORM|Using MultiWriter with keyword `FeatureWriter_2' to output data (ID_ATTRIBUTE is `multi_writer_id')
2022-12-13 15:03:33|   0.5|  0.0|INFORM|Creating writer for format: Text File
2022-12-13 15:03:33|   0.5|  0.0|INFORM|Trying to find a DYNAMIC plugin for writer named `TEXTLINE'
2022-12-13 15:03:33|   0.5|  0.0|INFORM|FME Configuration: No destination coordinate system set
2022-12-13 15:03:33|   0.5|  0.0|INFORM|Writer `FeatureWriter_2_0' of type `TEXTLINE' using group definition keyword `FeatureWriter_2_0_DEF'
2022-12-13 15:03:33|   0.5|  0.0|INFORM|Text File Writer: Opening the file 'C:\projects\EIRA-data\Data\webmap\out\layers.json\'
2022-12-13 15:03:33|   0.5|  0.0|INFORM|Text File Writer: Line Termination: Windows
2022-12-13 15:03:33|   0.5|  0.0|INFORM|Text File Writer: Write the final line termination character: yes
2022-12-13 15:03:33|   0.5|  0.0|INFORM|Text File Writer: Character Encoding: 'UTF-8'
2022-12-13 15:03:33|   0.5|  0.0|INFORM|Text File Writer: Write UTF-8 Byte Order Mark: yes
2022-12-13 15:03:33|   0.5|  0.0|INFORM|Text File Reader: Closing the file 'C:\projects\EIRA-data\Data\webmap\out\layers.json'
2022-12-13 15:03:33|   0.5|  0.0|INFORM|Text File Writer: Closing the file 'C:\projects\EIRA-data\Data\webmap\out\layers.json'
2022-12-13 15:03:33|   0.5|  0.0|INFORM|=-=-=-=-=-=-=-=-=-=-=-=-=-=-=-=-=-=-=-=-=-=-=-=-=-=-=-=-=-=-=-=-=-=-=-=-=-=-=-
2022-12-13 15:03:33|   0.5|  0.0|INFORM|Feature output statistics for `TEXTLINE' writer using keyword `FeatureWriter_2_0':
2022-12-13 15:03:33|   0.5|  0.0|STATS |=-=-=-=-=-=-=-=-=-=-=-=-=-=-=-=-=-=-=-=-=-=-=-=-=-=-=-=-=-=-=-=-=-=-=-=-=-=-=-
2022-12-13 15:03:33|   0.5|  0.0|STATS |                               Features Written
2022-12-13 15:03:33|   0.5|  0.0|STATS |=-=-=-=-=-=-=-=-=-=-=-=-=-=-=-=-=-=-=-=-=-=-=-=-=-=-=-=-=-=-=-=-=-=-=-=-=-=-=-
2022-12-13 15:03:33|   0.5|  0.0|STATS |text_line                                                                  158
2022-12-13 15:03:33|   0.5|  0.0|STATS |==============================================================================
2022-12-13 15:03:33|   0.5|  0.0|STATS |Total Features Written                                                     158
2022-12-13 15:03:33|   0.5|  0.0|STATS |=-=-=-=-=-=-=-=-=-=-=-=-=-=-=-=-=-=-=-=-=-=-=-=-=-=-=-=-=-=-=-=-=-=-=-=-=-=-=-
2022-12-13 15:03:33|   0.6|  0.1|STATS |Destination Feature Type Routing Correlator (RoutingFactory): Tested 26 input feature(s), wrote 26 output feature(s): 0 matched merge filters, 0 were routed to output, 26 could not be routed.
2022-12-13 15:03:33|   0.6|  0.0|STATS |Final Output Nuker (TeeFactory): Cloned 26 input feature(s) into 0 output feature(s)
2022-12-13 15:03:33|   0.6|  0.0|WARN  |=-=-=-=-=-=-=-=-=-=-=-=-=-=-=-=-=-=-=-=-=-=-=-=-=-=-=-=-=-=-=-=-=-=-=-=-=-=-=-
2022-12-13 15:03:33|   0.6|  0.0|WARN  |      Features not written - verify feature type fanout/dynamic settings
2022-12-13 15:03:33|   0.6|  0.0|WARN  |=-=-=-=-=-=-=-=-=-=-=-=-=-=-=-=-=-=-=-=-=-=-=-=-=-=-=-=-=-=-=-=-=-=-=-=-=-=-=-
2022-12-13 15:03:33|   0.6|  0.0|WARN  |  (Check that fanout/dynamic feature type attribute exists and has a value)
2022-12-13 15:03:33|   0.6|  0.0|WARN  |=-=-=-=-=-=-=-=-=-=-=-=-=-=-=-=-=-=-=-=-=-=-=-=-=-=-=-=-=-=-=-=-=-=-=-=-=-=-=-
2022-12-13 15:03:33|   0.6|  0.0|WARN  |                                                                            26
2022-12-13 15:03:33|   0.6|  0.0|WARN  |==============================================================================
2022-12-13 15:03:33|   0.6|  0.0|WARN  |Total features not written                                                  26
2022-12-13 15:03:33|   0.6|  0.0|WARN  |=-=-=-=-=-=-=-=-=-=-=-=-=-=-=-=-=-=-=-=-=-=-=-=-=-=-=-=-=-=-=-=-=-=-=-=-=-=-=-
2022-12-13 15:03:33|   0.6|  0.0|STATS |=-=-=-=-=-=-=-=-=-=-=-=-=-=-=-=-=-=-=-=-=-=-=-=-=-=-=-=-=-=-=-=-=-=-=-=-=-=-=-
2022-12-13 15:03:33|   0.6|  0.0|STATS |                            Features Read Summary
2022-12-13 15:03:33|   0.6|  0.0|STATS |=-=-=-=-=-=-=-=-=-=-=-=-=-=-=-=-=-=-=-=-=-=-=-=-=-=-=-=-=-=-=-=-=-=-=-=-=-=-=-
2022-12-13 15:03:33|   0.6|  0.0|STATS |==============================================================================
2022-12-13 15:03:33|   0.6|  0.0|STATS |Total Features Read                                                          0
2022-12-13 15:03:33|   0.6|  0.0|STATS |=-=-=-=-=-=-=-=-=-=-=-=-=-=-=-=-=-=-=-=-=-=-=-=-=-=-=-=-=-=-=-=-=-=-=-=-=-=-=-
2022-12-13 15:03:33|   0.6|  0.0|STATS |=-=-=-=-=-=-=-=-=-=-=-=-=-=-=-=-=-=-=-=-=-=-=-=-=-=-=-=-=-=-=-=-=-=-=-=-=-=-=-
2022-12-13 15:03:33|   0.6|  0.0|STATS |                           Features Written Summary
2022-12-13 15:03:33|   0.6|  0.0|STATS |=-=-=-=-=-=-=-=-=-=-=-=-=-=-=-=-=-=-=-=-=-=-=-=-=-=-=-=-=-=-=-=-=-=-=-=-=-=-=-
2022-12-13 15:03:33|   0.6|  0.0|STATS |==============================================================================
2022-12-13 15:03:33|   0.6|  0.0|STATS |Total Features Written                                                       0
2022-12-13 15:03:33|   0.6|  0.0|STATS |=-=-=-=-=-=-=-=-=-=-=-=-=-=-=-=-=-=-=-=-=-=-=-=-=-=-=-=-=-=-=-=-=-=-=-=-=-=-=-
2022-12-13 15:03:33|   0.6|  0.0|WARN  |-~-~-~-~-~-~-~-~-~-~-~-~-~-~-~-~-~-~-~-~-~-~-~-~-~-~-~-~-~-~-~-~-~-~-~-~-~-~-~-~-
2022-12-13 15:03:33|   0.6|  0.0|WARN  |-~                                                                             ~-
2022-12-13 15:03:33|   0.6|  0.0|WARN  |-~    Feature caches have been recorded at every stage of the translation.     ~-
2022-12-13 15:03:33|   0.6|  0.0|WARN  |-~                      To inspect the recorded features,                      ~-
2022-12-13 15:03:33|   0.6|  0.0|WARN  |-~              click the feature cache icons next to the ports.               ~-
2022-12-13 15:03:33|   0.6|  0.0|WARN  |-~                                                                             ~-
2022-12-13 15:03:33|   0.6|  0.0|WARN  |-~-~-~-~-~-~-~-~-~-~-~-~-~-~-~-~-~-~-~-~-~-~-~-~-~-~-~-~-~-~-~-~-~-~-~-~-~-~-~-~-
2022-12-13 15:03:33|   0.6|  0.0|INFORM|Translation was SUCCESSFUL with 16 warning(s) (0 feature(s) output)
2022-12-13 15:03:33|   0.6|  0.0|INFORM|FME Session Duration: 0.7 seconds. (CPU: 0.3s user, 0.3s system)
2022-12-13 15:03:33|   0.6|  0.0|INFORM|END - ProcessID: 11024, peak process memory usage: 95852 kB, current process memory usage: 86896 kB
